{
  "RSpec": {
    "coverage": {
      "/Users/matttaylor/Desktop/vagrant/src/chess/app/models/player.rb": [
        1,
        null,
        null,
        1,
        null,
        null,
        1,
        0,
        0,
        0,
        0,
        0,
        null,
        0,
        null,
        0,
        null,
        null,
        null
      ],
      "/Users/matttaylor/Desktop/vagrant/src/chess/app/helpers/application_helper.rb": [
        1,
        null
      ],
      "/Users/matttaylor/Desktop/vagrant/src/chess/app/helpers/games_helper.rb": [
        1,
        null
      ],
      "/Users/matttaylor/Desktop/vagrant/src/chess/app/helpers/omniauth_callbacks_helper.rb": [
        1,
        null
      ],
      "/Users/matttaylor/Desktop/vagrant/src/chess/app/helpers/players_helper.rb": [
        1,
        null
      ],
      "/Users/matttaylor/Desktop/vagrant/src/chess/app/controllers/games_controller.rb": [
        1,
        1,
        null,
        1,
        null,
        1,
        0,
        null,
        null,
        null,
        null,
        1,
        null,
        null,
        null,
        null,
        null,
        1,
        null,
        null,
        null,
        1,
        1,
        null,
        null,
        null,
        1,
        null,
        null,
        null,
        null,
        1,
        4,
        4,
        4,
        null,
        4,
        4,
        7,
        5,
        null,
        0,
        0,
        null,
        null,
        null,
        null,
        null,
        null,
        1,
        2,
        2,
        3,
        3,
        null,
        0,
        0,
        null,
        null,
        null,
        null,
        1,
        1,
        1,
        null,
        null,
        1,
        null,
        1,
        4,
        null,
        null,
        null,
        1,
        6,
        null,
        null
      ],
      "/Users/matttaylor/Desktop/vagrant/src/chess/app/controllers/application_controller.rb": [
        1,
        null,
        null,
        1,
        1,
        27,
        null,
        null
      ],
      "/Users/matttaylor/Desktop/vagrant/src/chess/app/controllers/omniauth_callbacks_controller.rb": [
        1,
        null,
        1,
        null,
        0,
        null,
        0,
        0,
        0,
        null,
        0,
        null,
        null,
        null,
        1,
        1,
        null,
        1,
        null,
        0,
        null,
        0,
        0,
        0,
        null,
        null,
        0,
        null,
        null,
        null,
        1,
        null,
        0,
        null,
        0,
        0,
        0,
        null,
        null,
        0,
        null,
        null,
        null,
        null,
        null
      ],
      "/Users/matttaylor/Desktop/vagrant/src/chess/app/controllers/players_controller.rb": [
        1,
        null
      ],
      "/Users/matttaylor/Desktop/vagrant/src/chess/app/models/piece.rb": [
        1,
        null,
        1,
        1,
        null,
        null
      ],
      "/Users/matttaylor/Desktop/vagrant/src/chess/app/models/game.rb": [
        1,
        null,
        2,
        null,
        null,
        null,
        null,
        1,
        1,
        null,
        null
      ]
    },
    "timestamp": 1479763518
  }
}
